<?xml version="1.0" encoding="UTF-8"?>
<!-- Generated by org.testng.reporters.JUnitReportReporter -->
<testsuite skipped="0" hostname="LAPTOP-JTN9MFLK" name="MVNDemo.AbcTest" tests="1" failures="0" timestamp="2020-06-24T14:13:16 IST" time="0.013" errors="0">
  <testcase name="mvnAbc" time="0.013" classname="MVNDemo.AbcTest"/>
  <system-out/>
</testsuite> <!-- MVNDemo.AbcTest -->
