<?xml version="1.0" encoding="UTF-8"?>
<!-- Generated by org.testng.reporters.JUnitReportReporter -->
<testsuite skipped="0" hostname="LAPTOP-JTN9MFLK" name="MVNDemo.AbcTest" tests="2" failures="0" timestamp="27 Jun 2020 12:05:45 GMT" time="0.010" errors="0">
  <testcase name="m2" time="0.010" classname="MVNDemo.AbcTest"/>
  <testcase name="mvnAbc" time="0.000" classname="MVNDemo.AbcTest"/>
</testsuite> <!-- MVNDemo.AbcTest -->
